{"/Users/abba_xee/dev/auth_demo/assetsTransformer.js": {"path":"/Users/abba_xee/dev/auth_demo/assetsTransformer.js","statementMap":{"0":{"start":{"line":1,"column":13},"end":{"line":1,"column":28}},"1":{"start":{"line":3,"column":0},"end":{"line":7,"column":2}},"2":{"start":{"line":5,"column":4},"end":{"line":5,"column":79}}},"fnMap":{"0":{"name":"(anonymous_0)","decl":{"start":{"line":4,"column":2},"end":{"line":4,"column":3}},"loc":{"start":{"line":4,"column":42},"end":{"line":6,"column":3}},"line":4}},"branchMap":{},"s":{"0":2,"1":2,"2":0},"f":{"0":0},"b":{},"_coverageSchema":"1a1c01bbd47fc00a2c39e90264f33305004495a9","hash":"d11319c4656831b206097d35cc2f90b640d8165c"}
,"/Users/abba_xee/dev/auth_demo/src/components/Button.js": {"path":"/Users/abba_xee/dev/auth_demo/src/components/Button.js","statementMap":{"0":{"start":{"line":6,"column":15},"end":{"line":21,"column":1}},"1":{"start":{"line":7,"column":2},"end":{"line":20,"column":4}}},"fnMap":{"0":{"name":"(anonymous_0)","decl":{"start":{"line":6,"column":15},"end":{"line":6,"column":16}},"loc":{"start":{"line":6,"column":55},"end":{"line":21,"column":1}},"line":6}},"branchMap":{"0":{"loc":{"start":{"line":12,"column":16},"end":{"line":12,"column":35}},"type":"binary-expr","locations":[{"start":{"line":12,"column":16},"end":{"line":12,"column":24}},{"start":{"line":12,"column":28},"end":{"line":12,"column":35}}],"line":12},"1":{"loc":{"start":{"line":13,"column":7},"end":{"line":18,"column":7}},"type":"cond-expr","locations":[{"start":{"line":15,"column":8},"end":{"line":15,"column":70}},{"start":{"line":17,"column":8},"end":{"line":17,"column":59}}],"line":13}},"s":{"0":3,"1":10},"f":{"0":10},"b":{"0":[10,9],"1":[2,8]},"_coverageSchema":"1a1c01bbd47fc00a2c39e90264f33305004495a9","hash":"eadf663ec7b6fa4d989ad70da654bd92a4d05179"}
,"/Users/abba_xee/dev/auth_demo/src/navigation/index.js": {"path":"/Users/abba_xee/dev/auth_demo/src/navigation/index.js","statementMap":{"0":{"start":{"line":12,"column":27},"end":{"line":12,"column":50}},"1":{"start":{"line":14,"column":16},"end":{"line":29,"column":1}},"2":{"start":{"line":15,"column":2},"end":{"line":28,"column":3}},"3":{"start":{"line":17,"column":6},"end":{"line":20,"column":8}},"4":{"start":{"line":22,"column":6},"end":{"line":25,"column":8}},"5":{"start":{"line":27,"column":6},"end":{"line":27,"column":19}},"6":{"start":{"line":31,"column":21},"end":{"line":73,"column":1}},"7":{"start":{"line":32,"column":30},"end":{"line":32,"column":52}},"8":{"start":{"line":33,"column":23},"end":{"line":33,"column":35}},"9":{"start":{"line":34,"column":32},"end":{"line":34,"column":71}},"10":{"start":{"line":36,"column":2},"end":{"line":44,"column":9}},"11":{"start":{"line":37,"column":27},"end":{"line":42,"column":5}},"12":{"start":{"line":38,"column":19},"end":{"line":38,"column":58}},"13":{"start":{"line":39,"column":6},"end":{"line":41,"column":7}},"14":{"start":{"line":40,"column":8},"end":{"line":40,"column":61}},"15":{"start":{"line":43,"column":4},"end":{"line":43,"column":21}},"16":{"start":{"line":46,"column":17},"end":{"line":49,"column":16}},"17":{"start":{"line":47,"column":4},"end":{"line":47,"column":41}},"18":{"start":{"line":48,"column":4},"end":{"line":48,"column":31}},"19":{"start":{"line":51,"column":2},"end":{"line":72,"column":4}},"20":{"start":{"line":59,"column":28},"end":{"line":59,"column":63}},"21":{"start":{"line":75,"column":15},"end":{"line":80,"column":2}}},"fnMap":{"0":{"name":"(anonymous_0)","decl":{"start":{"line":14,"column":16},"end":{"line":14,"column":17}},"loc":{"start":{"line":14,"column":35},"end":{"line":29,"column":1}},"line":14},"1":{"name":"(anonymous_1)","decl":{"start":{"line":31,"column":21},"end":{"line":31,"column":22}},"loc":{"start":{"line":31,"column":27},"end":{"line":73,"column":1}},"line":31},"2":{"name":"(anonymous_2)","decl":{"start":{"line":36,"column":12},"end":{"line":36,"column":13}},"loc":{"start":{"line":36,"column":18},"end":{"line":44,"column":3}},"line":36},"3":{"name":"(anonymous_3)","decl":{"start":{"line":37,"column":27},"end":{"line":37,"column":28}},"loc":{"start":{"line":37,"column":39},"end":{"line":42,"column":5}},"line":37},"4":{"name":"(anonymous_4)","decl":{"start":{"line":46,"column":35},"end":{"line":46,"column":36}},"loc":{"start":{"line":46,"column":41},"end":{"line":49,"column":3}},"line":46},"5":{"name":"(anonymous_5)","decl":{"start":{"line":59,"column":17},"end":{"line":59,"column":18}},"loc":{"start":{"line":59,"column":28},"end":{"line":59,"column":63}},"line":59}},"branchMap":{"0":{"loc":{"start":{"line":15,"column":2},"end":{"line":28,"column":3}},"type":"switch","locations":[{"start":{"line":16,"column":4},"end":{"line":20,"column":8}},{"start":{"line":21,"column":4},"end":{"line":25,"column":8}},{"start":{"line":26,"column":4},"end":{"line":27,"column":19}}],"line":15},"1":{"loc":{"start":{"line":39,"column":6},"end":{"line":41,"column":7}},"type":"if","locations":[{"start":{"line":39,"column":6},"end":{"line":41,"column":7}},{"start":{"line":39,"column":6},"end":{"line":41,"column":7}}],"line":39},"2":{"loc":{"start":{"line":55,"column":11},"end":{"line":68,"column":11}},"type":"cond-expr","locations":[{"start":{"line":56,"column":12},"end":{"line":61,"column":15}},{"start":{"line":63,"column":12},"end":{"line":67,"column":14}}],"line":55}},"s":{"0":2,"1":2,"2":0,"3":0,"4":0,"5":0,"6":2,"7":0,"8":0,"9":0,"10":0,"11":0,"12":0,"13":0,"14":0,"15":0,"16":0,"17":0,"18":0,"19":0,"20":0,"21":2},"f":{"0":0,"1":0,"2":0,"3":0,"4":0,"5":0},"b":{"0":[0,0,0],"1":[0,0],"2":[0,0]},"_coverageSchema":"1a1c01bbd47fc00a2c39e90264f33305004495a9","hash":"78f7a9c31b60697a15125172703176654cb125cf"}
,"/Users/abba_xee/dev/auth_demo/src/screens/Login.js": {"path":"/Users/abba_xee/dev/auth_demo/src/screens/Login.js","statementMap":{"0":{"start":{"line":21,"column":14},"end":{"line":100,"column":1}},"1":{"start":{"line":22,"column":28},"end":{"line":22,"column":40}},"2":{"start":{"line":23,"column":34},"end":{"line":23,"column":46}},"3":{"start":{"line":24,"column":32},"end":{"line":24,"column":47}},"4":{"start":{"line":26,"column":21},"end":{"line":26,"column":50}},"5":{"start":{"line":28,"column":23},"end":{"line":63,"column":3}},"6":{"start":{"line":29,"column":4},"end":{"line":32,"column":5}},"7":{"start":{"line":30,"column":6},"end":{"line":30,"column":73}},"8":{"start":{"line":31,"column":6},"end":{"line":31,"column":13}},"9":{"start":{"line":33,"column":4},"end":{"line":36,"column":5}},"10":{"start":{"line":34,"column":6},"end":{"line":34,"column":80}},"11":{"start":{"line":35,"column":6},"end":{"line":35,"column":13}},"12":{"start":{"line":37,"column":4},"end":{"line":37,"column":21}},"13":{"start":{"line":65,"column":2},"end":{"line":99,"column":4}},"14":{"start":{"line":74,"column":39},"end":{"line":74,"column":54}},"15":{"start":{"line":82,"column":39},"end":{"line":82,"column":57}},"16":{"start":{"line":89,"column":29},"end":{"line":89,"column":60}},"17":{"start":{"line":102,"column":15},"end":{"line":106,"column":2}}},"fnMap":{"0":{"name":"(anonymous_0)","decl":{"start":{"line":21,"column":14},"end":{"line":21,"column":15}},"loc":{"start":{"line":21,"column":32},"end":{"line":100,"column":1}},"line":21},"1":{"name":"(anonymous_1)","decl":{"start":{"line":28,"column":23},"end":{"line":28,"column":24}},"loc":{"start":{"line":28,"column":35},"end":{"line":63,"column":3}},"line":28},"2":{"name":"(anonymous_2)","decl":{"start":{"line":74,"column":28},"end":{"line":74,"column":29}},"loc":{"start":{"line":74,"column":39},"end":{"line":74,"column":54}},"line":74},"3":{"name":"(anonymous_3)","decl":{"start":{"line":82,"column":28},"end":{"line":82,"column":29}},"loc":{"start":{"line":82,"column":39},"end":{"line":82,"column":57}},"line":82},"4":{"name":"(anonymous_4)","decl":{"start":{"line":89,"column":23},"end":{"line":89,"column":24}},"loc":{"start":{"line":89,"column":29},"end":{"line":89,"column":60}},"line":89}},"branchMap":{"0":{"loc":{"start":{"line":29,"column":4},"end":{"line":32,"column":5}},"type":"if","locations":[{"start":{"line":29,"column":4},"end":{"line":32,"column":5}},{"start":{"line":29,"column":4},"end":{"line":32,"column":5}}],"line":29},"1":{"loc":{"start":{"line":33,"column":4},"end":{"line":36,"column":5}},"type":"if","locations":[{"start":{"line":33,"column":4},"end":{"line":36,"column":5}},{"start":{"line":33,"column":4},"end":{"line":36,"column":5}}],"line":33}},"s":{"0":2,"1":0,"2":0,"3":0,"4":0,"5":0,"6":0,"7":0,"8":0,"9":0,"10":0,"11":0,"12":0,"13":0,"14":0,"15":0,"16":0,"17":2},"f":{"0":0,"1":0,"2":0,"3":0,"4":0},"b":{"0":[0,0],"1":[0,0]},"_coverageSchema":"1a1c01bbd47fc00a2c39e90264f33305004495a9","hash":"ba4f4bc4f745d2f4e7bcb2a4e2a715cccf385782"}
,"/Users/abba_xee/dev/auth_demo/src/screens/Register.js": {"path":"/Users/abba_xee/dev/auth_demo/src/screens/Register.js","statementMap":{"0":{"start":{"line":20,"column":17},"end":{"line":112,"column":1}},"1":{"start":{"line":21,"column":34},"end":{"line":21,"column":46}},"2":{"start":{"line":22,"column":28},"end":{"line":22,"column":40}},"3":{"start":{"line":23,"column":34},"end":{"line":23,"column":46}},"4":{"start":{"line":24,"column":32},"end":{"line":24,"column":47}},"5":{"start":{"line":26,"column":21},"end":{"line":26,"column":50}},"6":{"start":{"line":28,"column":21},"end":{"line":75,"column":61}},"7":{"start":{"line":29,"column":4},"end":{"line":32,"column":5}},"8":{"start":{"line":30,"column":6},"end":{"line":30,"column":56}},"9":{"start":{"line":31,"column":6},"end":{"line":31,"column":13}},"10":{"start":{"line":34,"column":4},"end":{"line":37,"column":5}},"11":{"start":{"line":35,"column":6},"end":{"line":35,"column":73}},"12":{"start":{"line":36,"column":6},"end":{"line":36,"column":13}},"13":{"start":{"line":38,"column":4},"end":{"line":41,"column":5}},"14":{"start":{"line":39,"column":6},"end":{"line":39,"column":80}},"15":{"start":{"line":40,"column":6},"end":{"line":40,"column":13}},"16":{"start":{"line":43,"column":4},"end":{"line":43,"column":21}},"17":{"start":{"line":45,"column":4},"end":{"line":74,"column":9}},"18":{"start":{"line":48,"column":23},"end":{"line":50,"column":9}},"19":{"start":{"line":51,"column":8},"end":{"line":51,"column":55}},"20":{"start":{"line":52,"column":25},"end":{"line":52,"column":55}},"21":{"start":{"line":53,"column":8},"end":{"line":53,"column":32}},"22":{"start":{"line":54,"column":8},"end":{"line":54,"column":68}},"23":{"start":{"line":55,"column":8},"end":{"line":55,"column":53}},"24":{"start":{"line":56,"column":8},"end":{"line":56,"column":26}},"25":{"start":{"line":60,"column":32},"end":{"line":60,"column":37}},"26":{"start":{"line":61,"column":8},"end":{"line":61,"column":26}},"27":{"start":{"line":62,"column":27},"end":{"line":62,"column":34}},"28":{"start":{"line":64,"column":8},"end":{"line":66,"column":9}},"29":{"start":{"line":65,"column":10},"end":{"line":65,"column":65}},"30":{"start":{"line":68,"column":8},"end":{"line":70,"column":9}},"31":{"start":{"line":69,"column":10},"end":{"line":69,"column":58}},"32":{"start":{"line":72,"column":8},"end":{"line":72,"column":43}},"33":{"start":{"line":73,"column":8},"end":{"line":73,"column":26}},"34":{"start":{"line":77,"column":2},"end":{"line":111,"column":4}},"35":{"start":{"line":87,"column":39},"end":{"line":87,"column":57}},"36":{"start":{"line":94,"column":39},"end":{"line":94,"column":54}},"37":{"start":{"line":102,"column":39},"end":{"line":102,"column":57}}},"fnMap":{"0":{"name":"(anonymous_0)","decl":{"start":{"line":20,"column":17},"end":{"line":20,"column":18}},"loc":{"start":{"line":20,"column":29},"end":{"line":112,"column":1}},"line":20},"1":{"name":"(anonymous_1)","decl":{"start":{"line":28,"column":39},"end":{"line":28,"column":40}},"loc":{"start":{"line":28,"column":45},"end":{"line":75,"column":3}},"line":28},"2":{"name":"(anonymous_2)","decl":{"start":{"line":47,"column":12},"end":{"line":47,"column":13}},"loc":{"start":{"line":47,"column":24},"end":{"line":57,"column":7}},"line":47},"3":{"name":"(anonymous_3)","decl":{"start":{"line":59,"column":13},"end":{"line":59,"column":14}},"loc":{"start":{"line":59,"column":24},"end":{"line":74,"column":7}},"line":59},"4":{"name":"(anonymous_4)","decl":{"start":{"line":87,"column":28},"end":{"line":87,"column":29}},"loc":{"start":{"line":87,"column":39},"end":{"line":87,"column":57}},"line":87},"5":{"name":"(anonymous_5)","decl":{"start":{"line":94,"column":28},"end":{"line":94,"column":29}},"loc":{"start":{"line":94,"column":39},"end":{"line":94,"column":54}},"line":94},"6":{"name":"(anonymous_6)","decl":{"start":{"line":102,"column":28},"end":{"line":102,"column":29}},"loc":{"start":{"line":102,"column":39},"end":{"line":102,"column":57}},"line":102}},"branchMap":{"0":{"loc":{"start":{"line":29,"column":4},"end":{"line":32,"column":5}},"type":"if","locations":[{"start":{"line":29,"column":4},"end":{"line":32,"column":5}},{"start":{"line":29,"column":4},"end":{"line":32,"column":5}}],"line":29},"1":{"loc":{"start":{"line":34,"column":4},"end":{"line":37,"column":5}},"type":"if","locations":[{"start":{"line":34,"column":4},"end":{"line":37,"column":5}},{"start":{"line":34,"column":4},"end":{"line":37,"column":5}}],"line":34},"2":{"loc":{"start":{"line":38,"column":4},"end":{"line":41,"column":5}},"type":"if","locations":[{"start":{"line":38,"column":4},"end":{"line":41,"column":5}},{"start":{"line":38,"column":4},"end":{"line":41,"column":5}}],"line":38},"3":{"loc":{"start":{"line":64,"column":8},"end":{"line":66,"column":9}},"type":"if","locations":[{"start":{"line":64,"column":8},"end":{"line":66,"column":9}},{"start":{"line":64,"column":8},"end":{"line":66,"column":9}}],"line":64},"4":{"loc":{"start":{"line":68,"column":8},"end":{"line":70,"column":9}},"type":"if","locations":[{"start":{"line":68,"column":8},"end":{"line":70,"column":9}},{"start":{"line":68,"column":8},"end":{"line":70,"column":9}}],"line":68}},"s":{"0":2,"1":6,"2":6,"3":6,"4":6,"5":6,"6":6,"7":2,"8":1,"9":1,"10":1,"11":0,"12":0,"13":1,"14":0,"15":0,"16":1,"17":1,"18":1,"19":1,"20":1,"21":1,"22":1,"23":1,"24":0,"25":1,"26":1,"27":1,"28":1,"29":0,"30":1,"31":0,"32":1,"33":1,"34":6,"35":1,"36":1,"37":1},"f":{"0":6,"1":2,"2":1,"3":1,"4":1,"5":1,"6":1},"b":{"0":[1,1],"1":[0,1],"2":[0,1],"3":[0,1],"4":[0,1]},"_coverageSchema":"1a1c01bbd47fc00a2c39e90264f33305004495a9","hash":"43ef7d853ede80681469ef2b78cb25cfd5c72d79"}
,"/Users/abba_xee/dev/auth_demo/src/screens/UserData.js": {"path":"/Users/abba_xee/dev/auth_demo/src/screens/UserData.js","statementMap":{"0":{"start":{"line":9,"column":19},"end":{"line":13,"column":1}},"1":{"start":{"line":10,"column":2},"end":{"line":12,"column":9}},"2":{"start":{"line":15,"column":17},"end":{"line":43,"column":1}},"3":{"start":{"line":16,"column":26},"end":{"line":16,"column":55}},"4":{"start":{"line":18,"column":17},"end":{"line":18,"column":22}},"5":{"start":{"line":20,"column":2},"end":{"line":42,"column":4}},"6":{"start":{"line":45,"column":15},"end":{"line":69,"column":2}}},"fnMap":{"0":{"name":"(anonymous_0)","decl":{"start":{"line":9,"column":19},"end":{"line":9,"column":20}},"loc":{"start":{"line":10,"column":2},"end":{"line":12,"column":9}},"line":10},"1":{"name":"(anonymous_1)","decl":{"start":{"line":15,"column":17},"end":{"line":15,"column":18}},"loc":{"start":{"line":15,"column":23},"end":{"line":43,"column":1}},"line":15}},"branchMap":{"0":{"loc":{"start":{"line":34,"column":45},"end":{"line":34,"column":69}},"type":"binary-expr","locations":[{"start":{"line":34,"column":45},"end":{"line":34,"column":49}},{"start":{"line":34,"column":53},"end":{"line":34,"column":69}}],"line":34},"1":{"loc":{"start":{"line":35,"column":46},"end":{"line":35,"column":64}},"type":"binary-expr","locations":[{"start":{"line":35,"column":46},"end":{"line":35,"column":50}},{"start":{"line":35,"column":54},"end":{"line":35,"column":64}}],"line":35}},"s":{"0":2,"1":2,"2":2,"3":1,"4":1,"5":1,"6":2},"f":{"0":2,"1":1},"b":{"0":[1,1],"1":[1,1]},"_coverageSchema":"1a1c01bbd47fc00a2c39e90264f33305004495a9","hash":"7b84b51ac50a4df29fae0960b3e6b73a63c9026f"}
,"/Users/abba_xee/dev/auth_demo/src/styles/button.js": {"path":"/Users/abba_xee/dev/auth_demo/src/styles/button.js","statementMap":{},"fnMap":{},"branchMap":{},"s":{},"f":{},"b":{},"_coverageSchema":"1a1c01bbd47fc00a2c39e90264f33305004495a9","hash":"98974a0071d5fdcd0eeb7d2e986b8a5cdf258aa1"}
,"/Users/abba_xee/dev/auth_demo/src/styles/colors.js": {"path":"/Users/abba_xee/dev/auth_demo/src/styles/colors.js","statementMap":{"0":{"start":{"line":1,"column":27},"end":{"line":1,"column":36}},"1":{"start":{"line":2,"column":26},"end":{"line":2,"column":35}},"2":{"start":{"line":3,"column":24},"end":{"line":3,"column":33}},"3":{"start":{"line":4,"column":24},"end":{"line":4,"column":33}},"4":{"start":{"line":5,"column":23},"end":{"line":5,"column":32}},"5":{"start":{"line":6,"column":27},"end":{"line":6,"column":36}},"6":{"start":{"line":7,"column":27},"end":{"line":7,"column":36}},"7":{"start":{"line":8,"column":29},"end":{"line":8,"column":38}},"8":{"start":{"line":9,"column":26},"end":{"line":9,"column":35}},"9":{"start":{"line":10,"column":25},"end":{"line":10,"column":34}},"10":{"start":{"line":11,"column":26},"end":{"line":11,"column":35}},"11":{"start":{"line":12,"column":28},"end":{"line":12,"column":37}},"12":{"start":{"line":13,"column":29},"end":{"line":13,"column":38}}},"fnMap":{},"branchMap":{},"s":{"0":3,"1":3,"2":3,"3":3,"4":3,"5":3,"6":3,"7":3,"8":3,"9":3,"10":3,"11":3,"12":3},"f":{},"b":{},"_coverageSchema":"1a1c01bbd47fc00a2c39e90264f33305004495a9","hash":"4f86b4bc88582c800432d5281b69ea153910528f"}
,"/Users/abba_xee/dev/auth_demo/src/styles/container.js": {"path":"/Users/abba_xee/dev/auth_demo/src/styles/container.js","statementMap":{},"fnMap":{},"branchMap":{},"s":{},"f":{},"b":{},"_coverageSchema":"1a1c01bbd47fc00a2c39e90264f33305004495a9","hash":"150ed4c1d66d0bab57bb007f324efb3cdf499408"}
,"/Users/abba_xee/dev/auth_demo/src/styles/input.js": {"path":"/Users/abba_xee/dev/auth_demo/src/styles/input.js","statementMap":{},"fnMap":{},"branchMap":{},"s":{},"f":{},"b":{},"_coverageSchema":"1a1c01bbd47fc00a2c39e90264f33305004495a9","hash":"479dff94790c77b8d93cd880d978d69134964d29"}
,"/Users/abba_xee/dev/auth_demo/src/utils/index.js": {"path":"/Users/abba_xee/dev/auth_demo/src/utils/index.js","statementMap":{"0":{"start":{"line":1,"column":28},"end":{"line":4,"column":1}},"1":{"start":{"line":2,"column":13},"end":{"line":2,"column":166}},"2":{"start":{"line":3,"column":2},"end":{"line":3,"column":46}}},"fnMap":{"0":{"name":"(anonymous_0)","decl":{"start":{"line":1,"column":28},"end":{"line":1,"column":29}},"loc":{"start":{"line":1,"column":39},"end":{"line":4,"column":1}},"line":1}},"branchMap":{},"s":{"0":3,"1":6,"2":6},"f":{"0":6},"b":{},"_coverageSchema":"1a1c01bbd47fc00a2c39e90264f33305004495a9","hash":"18a3340f5bfadc239df645d9a54a6dc226f1b909"}
}
