TN:
SF:assetsTransformer.js
FN:4,(anonymous_0)
FNF:1
FNH:0
FNDA:0,(anonymous_0)
DA:1,3
DA:3,3
DA:5,0
LF:3
LH:2
BRF:0
BRH:0
end_of_record
TN:
SF:src/components/Button.js
FN:6,(anonymous_0)
FNF:1
FNH:1
FNDA:15,(anonymous_0)
DA:6,4
DA:7,15
LF:2
LH:2
BRDA:12,0,0,15
BRDA:12,0,1,14
BRDA:13,1,0,3
BRDA:13,1,1,12
BRF:4
BRH:4
end_of_record
TN:
SF:src/navigation/index.js
FN:14,(anonymous_0)
FN:31,(anonymous_1)
FN:36,(anonymous_2)
FN:37,(anonymous_3)
FN:46,(anonymous_4)
FN:59,(anonymous_5)
FN:62,(anonymous_6)
FNF:7
FNH:0
FNDA:0,(anonymous_0)
FNDA:0,(anonymous_1)
FNDA:0,(anonymous_2)
FNDA:0,(anonymous_3)
FNDA:0,(anonymous_4)
FNDA:0,(anonymous_5)
FNDA:0,(anonymous_6)
DA:12,3
DA:14,3
DA:15,0
DA:17,0
DA:22,0
DA:27,0
DA:31,3
DA:32,0
DA:33,0
DA:34,0
DA:36,0
DA:37,0
DA:38,0
DA:39,0
DA:40,0
DA:43,0
DA:46,0
DA:47,0
DA:48,0
DA:51,0
DA:59,0
DA:62,0
DA:78,3
LF:23
LH:4
BRDA:15,0,0,0
BRDA:15,0,1,0
BRDA:15,0,2,0
BRDA:39,1,0,0
BRDA:39,1,1,0
BRDA:55,2,0,0
BRDA:55,2,1,0
BRF:7
BRH:0
end_of_record
TN:
SF:src/screens/Login.js
FN:19,(anonymous_0)
FN:26,(anonymous_1)
FN:38,(anonymous_2)
FN:45,(anonymous_3)
FN:72,(anonymous_4)
FN:80,(anonymous_5)
FN:87,(anonymous_6)
FNF:7
FNH:6
FNDA:5,(anonymous_0)
FNDA:2,(anonymous_1)
FNDA:1,(anonymous_2)
FNDA:1,(anonymous_3)
FNDA:1,(anonymous_4)
FNDA:1,(anonymous_5)
FNDA:0,(anonymous_6)
DA:19,3
DA:20,5
DA:21,5
DA:22,5
DA:24,5
DA:26,5
DA:27,2
DA:28,1
DA:29,1
DA:31,1
DA:32,0
DA:33,0
DA:35,1
DA:36,1
DA:39,1
DA:40,1
DA:41,1
DA:42,1
DA:43,0
DA:46,1
DA:47,1
DA:48,1
DA:50,1
DA:51,0
DA:54,1
DA:55,0
DA:58,1
DA:59,1
DA:63,5
DA:72,1
DA:80,1
DA:87,0
DA:100,3
LF:33
LH:27
BRDA:27,0,0,1
BRDA:27,0,1,1
BRDA:31,1,0,0
BRDA:31,1,1,1
BRDA:50,2,0,0
BRDA:50,2,1,1
BRDA:54,3,0,0
BRDA:54,3,1,1
BRF:8
BRH:5
end_of_record
TN:
SF:src/screens/Register.js
FN:20,(anonymous_0)
FN:28,(anonymous_1)
FN:47,(anonymous_2)
FN:59,(anonymous_3)
FN:87,(anonymous_4)
FN:94,(anonymous_5)
FN:102,(anonymous_6)
FNF:7
FNH:7
FNDA:6,(anonymous_0)
FNDA:2,(anonymous_1)
FNDA:1,(anonymous_2)
FNDA:1,(anonymous_3)
FNDA:1,(anonymous_4)
FNDA:1,(anonymous_5)
FNDA:1,(anonymous_6)
DA:20,3
DA:21,6
DA:22,6
DA:23,6
DA:24,6
DA:26,6
DA:28,6
DA:29,2
DA:30,1
DA:31,1
DA:34,1
DA:35,0
DA:36,0
DA:38,1
DA:39,0
DA:40,0
DA:43,1
DA:45,1
DA:48,1
DA:51,1
DA:52,1
DA:53,1
DA:54,1
DA:55,1
DA:56,0
DA:60,1
DA:61,1
DA:62,1
DA:64,1
DA:65,0
DA:68,1
DA:69,0
DA:72,1
DA:73,1
DA:77,6
DA:87,1
DA:94,1
DA:102,1
LF:38
LH:31
BRDA:29,0,0,1
BRDA:29,0,1,1
BRDA:34,1,0,0
BRDA:34,1,1,1
BRDA:38,2,0,0
BRDA:38,2,1,1
BRDA:64,3,0,0
BRDA:64,3,1,1
BRDA:68,4,0,0
BRDA:68,4,1,1
BRF:10
BRH:6
end_of_record
TN:
SF:src/screens/UserData.js
FN:9,(anonymous_0)
FN:15,(anonymous_1)
FNF:2
FNH:2
FNDA:2,(anonymous_0)
FNDA:1,(anonymous_1)
DA:9,3
DA:10,2
DA:15,3
DA:16,1
DA:18,1
DA:20,1
DA:45,3
LF:7
LH:7
BRDA:34,0,0,1
BRDA:34,0,1,1
BRDA:35,1,0,1
BRDA:35,1,1,1
BRF:4
BRH:4
end_of_record
TN:
SF:src/styles/button.js
FNF:0
FNH:0
LF:0
LH:0
BRF:0
BRH:0
end_of_record
TN:
SF:src/styles/colors.js
FNF:0
FNH:0
DA:1,4
DA:2,4
DA:3,4
DA:4,4
DA:5,4
DA:6,4
DA:7,4
DA:8,4
DA:9,4
DA:10,4
DA:11,4
DA:12,4
DA:13,4
LF:13
LH:13
BRF:0
BRH:0
end_of_record
TN:
SF:src/styles/container.js
FNF:0
FNH:0
LF:0
LH:0
BRF:0
BRH:0
end_of_record
TN:
SF:src/styles/input.js
FNF:0
FNH:0
LF:0
LH:0
BRF:0
BRH:0
end_of_record
TN:
SF:src/utils/index.js
FN:1,(anonymous_0)
FNF:1
FNH:1
FNDA:8,(anonymous_0)
DA:1,4
DA:2,8
DA:3,8
LF:3
LH:3
BRF:0
BRH:0
end_of_record
